#
# An unexpected error has been detected by Java Runtime Environment:
#
#  EXCEPTION_ACCESS_VIOLATION (0xc0000005) at pc=0x0c5b1a9b, pid=1092, tid=3968
#
# Java VM: Java HotSpot(TM) Client VM (11.3-b02 mixed mode windows-x86)
# Problematic frame:
# C  [jmddraw.dll+0x1a9b]
#
# If you would like to submit a bug report, please visit:
#   http://java.sun.com/webapps/bugreport/crash.jsp
# The crash happened outside the Java Virtual Machine in native code.
# See problematic frame for where to report the bug.
#

---------------  T H R E A D  ---------------

Current thread (0x0ae59c00):  JavaThread "Loop thread: com.sun.media.renderer.video.DDRenderer@5db9eb" [_thread_in_native, id=3968, stack(0x0ca90000,0x0cae0000)]

siginfo: ExceptionCode=0xc0000005, writing address 0x00000000

Registers:
EAX=0x00000000, EBX=0x0c5d0330, ECX=0x00000000, EDX=0x6d9e002d
ESP=0x0cadf8d8, EBP=0x0df60020, ESI=0x0ae59d14, EDI=0x00000000
EIP=0x0c5b1a9b, EFLAGS=0x00010206

Top of Stack: (sp=0x0cadf8d8)
0x0cadf8d8:   0ae59c00 076c2b38 0cadfa28 076c2b38
0x0cadf8e8:   12156000 00000000 0df60020 000d77a8
0x0cadf8f8:   00000000 6d9e002d 0cadfa18 00000004
0x0cadf908:   0ae5a334 0ae5a338 6d8cbc91 0ae5a460
0x0cadf918:   6d8cbd22 0ae5a6f4 00000000 00000000
0x0cadf928:   00000000 00000000 00000280 000001e0
0x0cadf938:   6da24ad9 0ae59c00 6d8cbc91 0ae59c00
0x0cadf948:   0ae59c00 0375b9b8 0ae62c56 0ae59c00 

Instructions: (pc=0x0c5b1a9b)
0x0c5b1a8b:   00 50 e8 6b 07 00 00 8b 54 24 28 8b f8 83 c4 04
0x0c5b1a9b:   89 17 8b 43 1c 8d 54 24 24 8b 08 52 8d 54 24 38 


Stack: [0x0ca90000,0x0cae0000],  sp=0x0cadf8d8,  free space=318k
Native frames: (J=compiled Java code, j=interpreted, Vv=VM code, C=native code)
C  [jmddraw.dll+0x1a9b]

Java frames: (J=compiled Java code, j=interpreted, Vv=VM code)
j  com.sun.media.renderer.video.DDRenderer.dxDraw(Ljava/lang/Object;JII)Z+0
j  com.sun.media.renderer.video.DDRenderer.doProcess(Ljavax/media/Buffer;)I+217
j  com.sun.media.renderer.video.BasicVideoRenderer.process(Ljavax/media/Buffer;)I+18
j  com.sun.media.BasicRendererModule.processBuffer(Ljavax/media/Buffer;)I+357
j  com.sun.media.BasicRendererModule.scheduleBuffer(Ljavax/media/Buffer;)Z+164
j  com.sun.media.BasicRendererModule.doProcess()Z+330
j  com.sun.media.RenderThread.process()Z+4
j  com.sun.media.util.LoopThread.run()V+14
v  ~StubRoutines::call_stub

---------------  P R O C E S S  ---------------

Java Threads: ( => current thread )
  0x0af65800 JavaThread "Thread-2" daemon [_thread_in_native, id=2144, stack(0x0c950000,0x0c9a0000)]
  0x0ae7b400 JavaThread "Progress Slider thread" [_thread_blocked, id=4016, stack(0x0cb90000,0x0cbe0000)]
  0x0ae66000 JavaThread "Loop thread: com.sun.media.parser.RawBufferParser$FrameTrack@1fd9cd5" [_thread_in_native, id=3912, stack(0x0cae0000,0x0cb30000)]
=>0x0ae59c00 JavaThread "Loop thread: com.sun.media.renderer.video.DDRenderer@5db9eb" [_thread_in_native, id=3968, stack(0x0ca90000,0x0cae0000)]
  0x0ae54400 JavaThread "Loop thread" [_thread_blocked, id=2280, stack(0x0c9f0000,0x0ca40000)]
  0x0ab2c800 JavaThread "JMF thread: SendEventQueue: com.sun.media.ProcessEngine" [_thread_blocked, id=1836, stack(0x0c900000,0x0c950000)]
  0x0ae53000 JavaThread "JMF thread: SendEventQueue: com.sun.media.processor.unknown.Handler" [_thread_blocked, id=1444, stack(0x0c8b0000,0x0c900000)]
  0x0ae52400 JavaThread "JMF thread" [_thread_blocked, id=3940, stack(0x0c810000,0x0c860000)]
  0x0ae19800 JavaThread "Loop thread: com.sun.media.renderer.video.DDRenderer@10b23cf" [_thread_blocked, id=1304, stack(0x0c860000,0x0c8b0000)]
  0x0ae1a800 JavaThread "Loop thread: com.sun.media.parser.RawBufferParser$FrameTrack@c7833c" [_thread_blocked, id=3896, stack(0x0c350000,0x0c3a0000)]
  0x0ab35000 JavaThread "Loop thread" [_thread_blocked, id=3216, stack(0x0c3a0000,0x0c3f0000)]
  0x0ab3c400 JavaThread "VFW TransferDataThread" [_thread_blocked, id=200, stack(0x0c440000,0x0c490000)]
  0x0ab2e800 JavaThread "VFW VideoPollThread" [_thread_blocked, id=2152, stack(0x0c3f0000,0x0c440000)]
  0x0aae0c00 JavaThread "JMF thread: SendEventQueue: com.sun.media.ProcessEngine" [_thread_blocked, id=3368, stack(0x0c300000,0x0c350000)]
  0x0ab24800 JavaThread "JMF thread: SendEventQueue: com.sun.media.processor.unknown.Handler" [_thread_blocked, id=3288, stack(0x0c2a0000,0x0c2f0000)]
  0x0b5e2400 JavaThread "VFW Request Thread" [_thread_blocked, id=3544, stack(0x0b9d0000,0x0ba20000)]
  0x0af60000 JavaThread "Laf-Widget fade tracker" [_thread_blocked, id=3784, stack(0x0b4a0000,0x0b4f0000)]
  0x0af1a400 JavaThread "AWT-EventQueue-0" [_thread_blocked, id=3676, stack(0x0b320000,0x0b370000)]
  0x0aee3c00 JavaThread "AWT-Shutdown" [_thread_blocked, id=4060, stack(0x0b130000,0x0b180000)]
  0x0ae97800 JavaThread "Java2D Disposer" daemon [_thread_blocked, id=2744, stack(0x0b0e0000,0x0b130000)]
  0x00847000 JavaThread "DestroyJavaVM" [_thread_blocked, id=3148, stack(0x008e0000,0x00930000)]
  0x0ab1bc00 JavaThread "Low Memory Detector" daemon [_thread_blocked, id=3324, stack(0x0ad60000,0x0adb0000)]
  0x0ab16800 JavaThread "CompilerThread0" daemon [_thread_blocked, id=1148, stack(0x0ad10000,0x0ad60000)]
  0x0ab14400 JavaThread "Attach Listener" daemon [_thread_blocked, id=3876, stack(0x0acc0000,0x0ad10000)]
  0x0ab0e400 JavaThread "Signal Dispatcher" daemon [_thread_blocked, id=3112, stack(0x0ac70000,0x0acc0000)]
  0x0aafcc00 JavaThread "Finalizer" daemon [_thread_blocked, id=1980, stack(0x0ac20000,0x0ac70000)]
  0x0aaf8400 JavaThread "Reference Handler" daemon [_thread_blocked, id=2032, stack(0x0abd0000,0x0ac20000)]

Other Threads:
  0x0aaf4c00 VMThread [stack: 0x0ab80000,0x0abd0000] [id=3948]
  0x0ab25c00 WatcherThread [stack: 0x0adb0000,0x0ae00000] [id=3892]

VM state:not at safepoint (normal execution)

VM Mutex/Monitor currently owned by a thread: None

Heap
 def new generation   total 4352K, used 1803K [0x029e0000, 0x02e90000, 0x02ec0000)
  eden space 3904K,  46% used [0x029e0000, 0x02ba2868, 0x02db0000)
  from space 448K,   0% used [0x02e20000, 0x02e20740, 0x02e90000)
  to   space 448K,   0% used [0x02db0000, 0x02db0000, 0x02e20000)
 tenured generation   total 56032K, used 47117K [0x02ec0000, 0x06578000, 0x069e0000)
   the space 56032K,  84% used [0x02ec0000, 0x05cc36b0, 0x05cc3800, 0x06578000)
 compacting perm gen  total 13824K, used 13628K [0x069e0000, 0x07760000, 0x0a9e0000)
   the space 13824K,  98% used [0x069e0000, 0x0772f210, 0x0772f400, 0x07760000)
No shared spaces configured.

Dynamic libraries:
0x00400000 - 0x00424000 	E:\Program Files\Genuitec\Common\binary\com.sun.java.jdk.win32.x86_1.6.0.013\bin\javaw.exe
0x7c920000 - 0x7c9b6000 	C:\WINDOWS\system32\ntdll.dll
0x7c800000 - 0x7c91e000 	C:\WINDOWS\system32\kernel32.dll
0x77da0000 - 0x77e49000 	C:\WINDOWS\system32\ADVAPI32.dll
0x77e50000 - 0x77ee2000 	C:\WINDOWS\system32\RPCRT4.dll
0x77fc0000 - 0x77fd1000 	C:\WINDOWS\system32\Secur32.dll
0x77d10000 - 0x77da0000 	C:\WINDOWS\system32\USER32.dll
0x77ef0000 - 0x77f39000 	C:\WINDOWS\system32\GDI32.dll
0x76300000 - 0x7631d000 	C:\WINDOWS\system32\IMM32.DLL
0x62c20000 - 0x62c29000 	C:\WINDOWS\system32\LPK.DLL
0x73fa0000 - 0x7400b000 	C:\WINDOWS\system32\USP10.dll
0x7c340000 - 0x7c396000 	E:\Program Files\Genuitec\Common\binary\com.sun.java.jdk.win32.x86_1.6.0.013\jre\bin\msvcr71.dll
0x6d8b0000 - 0x6db06000 	E:\Program Files\Genuitec\Common\binary\com.sun.java.jdk.win32.x86_1.6.0.013\jre\bin\client\jvm.dll
0x76b10000 - 0x76b3a000 	C:\WINDOWS\system32\WINMM.dll
0x6d340000 - 0x6d348000 	E:\Program Files\Genuitec\Common\binary\com.sun.java.jdk.win32.x86_1.6.0.013\jre\bin\hpi.dll
0x76bc0000 - 0x76bcb000 	C:\WINDOWS\system32\PSAPI.DLL
0x6d860000 - 0x6d86c000 	E:\Program Files\Genuitec\Common\binary\com.sun.java.jdk.win32.x86_1.6.0.013\jre\bin\verify.dll
0x6d3e0000 - 0x6d3ff000 	E:\Program Files\Genuitec\Common\binary\com.sun.java.jdk.win32.x86_1.6.0.013\jre\bin\java.dll
0x6d8a0000 - 0x6d8af000 	E:\Program Files\Genuitec\Common\binary\com.sun.java.jdk.win32.x86_1.6.0.013\jre\bin\zip.dll
0x6d0b0000 - 0x6d1fa000 	E:\Program Files\Genuitec\Common\binary\com.sun.java.jdk.win32.x86_1.6.0.013\jre\bin\awt.dll
0x72f70000 - 0x72f96000 	C:\WINDOWS\system32\WINSPOOL.DRV
0x77be0000 - 0x77c38000 	C:\WINDOWS\system32\msvcrt.dll
0x76990000 - 0x76acd000 	C:\WINDOWS\system32\ole32.dll
0x77180000 - 0x77283000 	C:\WINDOWS\WinSxS\x86_Microsoft.Windows.Common-Controls_6595b64144ccf1df_6.0.2600.5512_x-ww_35d4ce83\comctl32.dll
0x77f40000 - 0x77fb6000 	C:\WINDOWS\system32\SHLWAPI.dll
0x5adc0000 - 0x5adf7000 	C:\WINDOWS\system32\uxtheme.dll
0x0b1d0000 - 0x0b230000 	D:\Program Files\360\360safe\safemon\safemon.dll
0x7d590000 - 0x7dd84000 	C:\WINDOWS\system32\SHELL32.dll
0x770f0000 - 0x7717b000 	C:\WINDOWS\system32\OLEAUT32.dll
0x77bd0000 - 0x77bd8000 	C:\WINDOWS\system32\VERSION.dll
0x762f0000 - 0x762f5000 	C:\WINDOWS\system32\MSIMG32.dll
0x75ff0000 - 0x76055000 	C:\WINDOWS\system32\MSVCP60.dll
0x76680000 - 0x76726000 	C:\WINDOWS\system32\WININET.dll
0x765e0000 - 0x76673000 	C:\WINDOWS\system32\CRYPT32.dll
0x76db0000 - 0x76dc2000 	C:\WINDOWS\system32\MSASN1.dll
0x71a20000 - 0x71a37000 	C:\WINDOWS\system32\WS2_32.dll
0x71a10000 - 0x71a18000 	C:\WINDOWS\system32\WS2HELP.dll
0x7eae0000 - 0x7eb81000 	C:\WINDOWS\system32\urlmon.dll
0x74680000 - 0x746cc000 	C:\WINDOWS\system32\MSCTF.dll
0x73640000 - 0x7366e000 	C:\WINDOWS\system32\msctfime.ime
0x6d2e0000 - 0x6d334000 	E:\Program Files\Genuitec\Common\binary\com.sun.java.jdk.win32.x86_1.6.0.013\jre\bin\fontmanager.dll
0x6d250000 - 0x6d273000 	E:\Program Files\Genuitec\Common\binary\com.sun.java.jdk.win32.x86_1.6.0.013\jre\bin\dcpr.dll
0x6d6c0000 - 0x6d6d3000 	E:\Program Files\Genuitec\Common\binary\com.sun.java.jdk.win32.x86_1.6.0.013\jre\bin\net.dll
0x719c0000 - 0x719fe000 	C:\WINDOWS\system32\mswsock.dll
0x60fd0000 - 0x61025000 	C:\WINDOWS\system32\hnetcfg.dll
0x58a00000 - 0x58a07000 	C:\WINDOWS\System32\wship6.dll
0x6d6e0000 - 0x6d6e9000 	E:\Program Files\Genuitec\Common\binary\com.sun.java.jdk.win32.x86_1.6.0.013\jre\bin\nio.dll
0x6d620000 - 0x6d6b3000 	E:\Program Files\Genuitec\Common\binary\com.sun.java.jdk.win32.x86_1.6.0.013\jre\bin\mlib_image.dll
0x68000000 - 0x68036000 	C:\WINDOWS\system32\rsaenh.dll
0x759d0000 - 0x75a7f000 	C:\WINDOWS\system32\USERENV.dll
0x5fdd0000 - 0x5fe25000 	C:\WINDOWS\system32\netapi32.dll
0x76ef0000 - 0x76f17000 	C:\WINDOWS\system32\DNSAPI.dll
0x76d30000 - 0x76d48000 	C:\WINDOWS\system32\iphlpapi.dll
0x76f80000 - 0x76f88000 	C:\WINDOWS\System32\winrnr.dll
0x76f30000 - 0x76f5c000 	C:\WINDOWS\system32\WLDAP32.dll
0x76f90000 - 0x76f96000 	C:\WINDOWS\system32\rasadhlp.dll
0x10000000 - 0x10015000 	C:\WINDOWS\system32\jmutil.dll
0x0bbb0000 - 0x0bbbd000 	C:\WINDOWS\system32\jmvfw.dll
0x73af0000 - 0x73b02000 	C:\WINDOWS\system32\AVICAP32.dll
0x73b40000 - 0x73b60000 	C:\WINDOWS\system32\MSVFW32.dll
0x73b30000 - 0x73b36000 	C:\WINDOWS\system32\DCIMAN32.DLL
0x72c90000 - 0x72c99000 	C:\WINDOWS\system32\wdmaud.drv
0x76c00000 - 0x76c2e000 	C:\WINDOWS\system32\WINTRUST.dll
0x76c60000 - 0x76c88000 	C:\WINDOWS\system32\IMAGEHLP.dll
0x72c80000 - 0x72c88000 	C:\WINDOWS\system32\msacm32.drv
0x77bb0000 - 0x77bc5000 	C:\WINDOWS\system32\MSACM32.dll
0x77ba0000 - 0x77ba7000 	C:\WINDOWS\system32\midimap.dll
0x5ad30000 - 0x5ad3f000 	C:\WINDOWS\system32\vfwwdm32.dll
0x73e40000 - 0x73e44000 	C:\WINDOWS\system32\ksuser.dll
0x76fa0000 - 0x7701f000 	C:\WINDOWS\system32\CLBCATQ.DLL
0x77020000 - 0x770ba000 	C:\WINDOWS\system32\COMRes.dll
0x75af0000 - 0x75b01000 	C:\WINDOWS\system32\devenum.dll
0x76060000 - 0x761b6000 	C:\WINDOWS\system32\setupapi.dll
0x73620000 - 0x73627000 	C:\WINDOWS\system32\msdmo.dll
0x5cf60000 - 0x5cf83000 	C:\WINDOWS\system32\ksproxy.ax
0x60fa0000 - 0x60faa000 	C:\WINDOWS\system32\vidcap.ax
0x76af0000 - 0x76b01000 	C:\WINDOWS\system32\ATL.DLL
0x57cd0000 - 0x57ce9000 	C:\WINDOWS\system32\kswdmcap.ax
0x73d30000 - 0x73e2e000 	C:\WINDOWS\system32\MFC42.DLL
0x61be0000 - 0x61bed000 	C:\WINDOWS\system32\MFC42LOC.DLL
0x75230000 - 0x75262000 	C:\WINDOWS\system32\qcap.dll
0x7cf70000 - 0x7d0d9000 	C:\WINDOWS\system32\quartz.dll
0x0c490000 - 0x0c49b000 	C:\WINDOWS\system32\jmvcm.dll
0x0c5b0000 - 0x0c5b8000 	C:\WINDOWS\system32\jmddraw.dll
0x736d0000 - 0x7371b000 	C:\WINDOWS\system32\DDRAW.dll
0x0c6d0000 - 0x0c6f4000 	C:\WINDOWS\system32\jmjpeg.dll
0x6d410000 - 0x6d416000 	E:\Program Files\Genuitec\Common\binary\com.sun.java.jdk.win32.x86_1.6.0.013\jre\bin\jawt.dll
0x0de40000 - 0x0de49000 	C:\WINDOWS\system32\jmfjawt.dll
0x0e640000 - 0x0eb89000 	C:\WINDOWS\system32\xpsp2res.dll

VM Arguments:
jvm_args: -Dfile.encoding=GBK 
java_command: cn.edu.nwsuaf.videoCapture.main.VideoCaptureMain
Launcher Type: SUN_STANDARD

Environment Variables:
CLASSPATH=.;C:\PROGRA~1\JMF21~1.1E\lib\sound.jar;C:\PROGRA~1\JMF21~1.1E\lib\jmf.jar;C:\PROGRA~1\JMF21~1.1E\lib;C:\Program Files\Java\jdk1.6.0_18\lib;E:\Workspaces\lib\mysql-connector-java-5.0.4-bin.jar
PATH=E:/Program Files/Genuitec/Common/binary/com.sun.java.jdk.win32.x86_1.6.0.013/jre/bin/client;E:/Program Files/Genuitec/Common/binary/com.sun.java.jdk.win32.x86_1.6.0.013/jre/bin;C:\WINDOWS\system32;C:\WINDOWS;C:\WINDOWS\System32\Wbem;C:\Program Files\Common Files\Thunder Network\KanKan\Codecs;C:\Program Files\StormII\Codec;C:\Program Files\StormII;C:\Program Files\Java\jdk1.6.0_18\bin;C:\AppServ\Apache2.2\bin;C:\AppServ\php5;C:\AppServ\MySQL\bin;D:\Program Files\Editplus 2;D:\Program Files\wwt;D:\Program Files\TTPlayer;D:\Program Files\Powerword 2007;C:\Program Files\FoxitReader;C:\Program Files\Kingsoft\WPS Office Personal\office6;C:\Program Files\Tencent\QQ\Bin;D:\Program Files\China Mobile\Fetion;D:\Program Files\eclipse;C:\Program Files\ONES;D:\Program Files\Wopti;D:\Program Files\Foxmail;E:\Program Files\Genuitec\MyEclipse 8.5
USERNAME=Administrator
OS=Windows_NT
PROCESSOR_IDENTIFIER=x86 Family 6 Model 15 Stepping 13, GenuineIntel



---------------  S Y S T E M  ---------------

OS: Windows XP Build 2600 Service Pack 3

CPU:total 2 (2 cores per cpu, 1 threads per core) family 6 model 15 stepping 13, cmov, cx8, fxsr, mmx, sse, sse2, sse3, ssse3

Memory: 4k page, physical 2087276k(1188780k free), swap 4017952k(3197052k free)

vm_info: Java HotSpot(TM) Client VM (11.3-b02) for windows-x86 JRE (1.6.0_13-b03), built on Mar  9 2009 01:15:24 by "java_re" with MS VC++ 7.1

time: Thu Jun 10 20:45:26 2010
elapsed time: 21 seconds

